<?xml version="1.0" encoding="UTF-8"?>
<testng-results skipped="0" failed="0" total="0" passed="0">
  <reporter-output>
    <line>
      <![CDATA[no nof rows are::5 no of colmun are::10]]>
    </line>
  </reporter-output>
  <suite name="Suite" duration-ms="170138" started-at="2019-10-25T04:33:45Z" finished-at="2019-10-25T04:36:35Z">
    <groups>
    </groups>
    <test name="Test" duration-ms="170138" started-at="2019-10-25T04:33:45Z" finished-at="2019-10-25T04:36:35Z">
      <class name="DriverFactory.DataDrivenFramework">
        <test-method status="PASS" signature="lauchapp()[pri:0, instance:DriverFactory.DataDrivenFramework@34033bd0]" name="lauchapp" is-config="true" duration-ms="15817" started-at="2019-10-25T10:03:45Z" finished-at="2019-10-25T10:04:01Z">
          <reporter-output>
          </reporter-output>
        </test-method> <!-- lauchapp -->
        <test-method status="PASS" signature="logout()[pri:0, instance:DriverFactory.DataDrivenFramework@34033bd0]" name="logout" is-config="true" duration-ms="208" started-at="2019-10-25T10:04:01Z" finished-at="2019-10-25T10:04:01Z">
          <reporter-output>
          </reporter-output>
        </test-method> <!-- logout -->
        <test-method status="PASS" signature="suplierscreation()[pri:0, instance:DriverFactory.DataDrivenFramework@34033bd0]" name="suplierscreation" is-config="true" duration-ms="154105" started-at="2019-10-25T10:04:01Z" finished-at="2019-10-25T10:06:35Z">
          <reporter-output>
            <line>
              <![CDATA[no nof rows are::5 no of colmun are::10]]>
            </line>
          </reporter-output>
        </test-method> <!-- suplierscreation -->
      </class> <!-- DriverFactory.DataDrivenFramework -->
    </test> <!-- Test -->
  </suite> <!-- Suite -->
</testng-results>
